# JRE version: OpenJDK Runtime Environment Temurin-17.0.15+6 (17.0.15+6) (build 17.0.15+6)
# Java VM: OpenJDK 64-Bit Server VM Temurin-17.0.15+6 (17.0.15+6, mixed mode, sharing, tiered, compressed oops, compressed class ptrs, g1 gc, windows-amd64)
GC Precious Log:
 CPUs: 16 total, 16 available
 Memory: 7896M
 Large Page Support: Disabled
 NUMA Support: Disabled
 Compressed Oops: Enabled (32-bit)
 Heap Region Size: 1M
 Heap Min Capacity: 256M
 Heap Initial Capacity: 256M
 Heap Max Capacity: 1536M
 Pre-touch: Disabled
 Parallel Workers: 13
 Concurrent Workers: 3
 Concurrent Refinement Workers: 13
 Periodic GC: Disabled
Heap:
 garbage-first heap   total 262144K, used 142190K [0x00000000a0000000, 0x0000000100000000)
  region size 1024K, 60 young (61440K), 18 survivors (18432K)
 Metaspace       used 83638K, committed 84416K, reserved 557056K
  class space    used 11542K, committed 11904K, reserved 425984K
GC Heap History (20 events):
Event: 0.922 GC heap before
{Heap before GC invocations=1 (full 0):
 garbage-first heap   total 262144K, used 40577K [0x00000000a0000000, 0x0000000100000000)
  region size 1024K, 37 young (37888K), 3 survivors (3072K)
 Metaspace       used 4431K, committed 4608K, reserved 491520K
  class space    used 546K, committed 640K, reserved 425984K
}
Event: 0.928 GC heap after
{Heap after GC invocations=2 (full 0):
 garbage-first heap   total 262144K, used 11094K [0x00000000a0000000, 0x0000000100000000)
  region size 1024K, 5 young (5120K), 5 survivors (5120K)
 Metaspace       used 4431K, committed 4608K, reserved 491520K
  class space    used 546K, committed 640K, reserved 425984K
}
Event: 1.478 GC heap before
{Heap before GC invocations=2 (full 0):
 garbage-first heap   total 262144K, used 60246K [0x00000000a0000000, 0x0000000100000000)
  region size 1024K, 51 young (52224K), 5 survivors (5120K)
 Metaspace       used 5087K, committed 5312K, reserved 491520K
  class space    used 660K, committed 768K, reserved 425984K
}
Event: 1.483 GC heap after
{Heap after GC invocations=3 (full 0):
 garbage-first heap   total 262144K, used 16950K [0x00000000a0000000, 0x0000000100000000)
  region size 1024K, 5 young (5120K), 5 survivors (5120K)
 Metaspace       used 5087K, committed 5312K, reserved 491520K
  class space    used 660K, committed 768K, reserved 425984K
}
Event: 3.952 GC heap before
{Heap before GC invocations=3 (full 0):
 garbage-first heap   total 262144K, used 124470K [0x00000000a0000000, 0x0000000100000000)
  region size 1024K, 111 young (113664K), 5 survivors (5120K)
 Metaspace       used 21158K, committed 21504K, reserved 491520K
  class space    used 3063K, committed 3264K, reserved 425984K
}
Event: 3.961 GC heap after
{Heap after GC invocations=4 (full 0):
 garbage-first heap   total 262144K, used 24191K [0x00000000a0000000, 0x0000000100000000)
  region size 1024K, 12 young (12288K), 12 survivors (12288K)
 Metaspace       used 21158K, committed 21504K, reserved 491520K
  class space    used 3063K, committed 3264K, reserved 425984K
}
Event: 5.652 GC heap before
{Heap before GC invocations=5 (full 0):
 garbage-first heap   total 262144K, used 162431K [0x00000000a0000000, 0x0000000100000000)
  region size 1024K, 147 young (150528K), 12 survivors (12288K)
 Metaspace       used 35549K, committed 35968K, reserved 491520K
  class space    used 4909K, committed 5120K, reserved 425984K
}
Event: 5.663 GC heap after
{Heap after GC invocations=6 (full 0):
 garbage-first heap   total 262144K, used 32702K [0x00000000a0000000, 0x0000000100000000)
  region size 1024K, 16 young (16384K), 16 survivors (16384K)
 Metaspace       used 35549K, committed 35968K, reserved 491520K
  class space    used 4909K, committed 5120K, reserved 425984K
}
Event: 8.008 GC heap before
{Heap before GC invocations=7 (full 0):
 garbage-first heap   total 262144K, used 171966K [0x00000000a0000000, 0x0000000100000000)
  region size 1024K, 153 young (156672K), 16 survivors (16384K)
 Metaspace       used 45318K, committed 45824K, reserved 491520K
  class space    used 6413K, committed 6656K, reserved 425984K
}
Event: 8.020 GC heap after
{Heap after GC invocations=8 (full 0):
 garbage-first heap   total 262144K, used 39972K [0x00000000a0000000, 0x0000000100000000)
  region size 1024K, 16 young (16384K), 16 survivors (16384K)
 Metaspace       used 45318K, committed 45824K, reserved 491520K
  class space    used 6413K, committed 6656K, reserved 425984K
}
Event: 9.528 GC heap before
{Heap before GC invocations=8 (full 0):
 garbage-first heap   total 262144K, used 190500K [0x00000000a0000000, 0x0000000100000000)
  region size 1024K, 153 young (156672K), 16 survivors (16384K)
 Metaspace       used 57909K, committed 58496K, reserved 491520K
  class space    used 8241K, committed 8512K, reserved 425984K
}
Event: 9.538 GC heap after
{Heap after GC invocations=9 (full 0):
 garbage-first heap   total 262144K, used 57082K [0x00000000a0000000, 0x0000000100000000)
  region size 1024K, 16 young (16384K), 16 survivors (16384K)
 Metaspace       used 57909K, committed 58496K, reserved 491520K
  class space    used 8241K, committed 8512K, reserved 425984K
}
Event: 9.788 GC heap before
{Heap before GC invocations=9 (full 0):
 garbage-first heap   total 262144K, used 82682K [0x00000000a0000000, 0x0000000100000000)
  region size 1024K, 42 young (43008K), 16 survivors (16384K)
 Metaspace       used 59477K, committed 60096K, reserved 491520K
  class space    used 8468K, committed 8768K, reserved 425984K
}
Event: 9.795 GC heap after
{Heap after GC invocations=10 (full 0):
 garbage-first heap   total 262144K, used 58137K [0x00000000a0000000, 0x0000000100000000)
  region size 1024K, 9 young (9216K), 9 survivors (9216K)
 Metaspace       used 59477K, committed 60096K, reserved 491520K
  class space    used 8468K, committed 8768K, reserved 425984K
}
Event: 23.415 GC heap before
{Heap before GC invocations=11 (full 0):
 garbage-first heap   total 262144K, used 204569K [0x00000000a0000000, 0x0000000100000000)
  region size 1024K, 153 young (156672K), 9 survivors (9216K)
 Metaspace       used 70604K, committed 71296K, reserved 491520K
  class space    used 10074K, committed 10432K, reserved 425984K
}
Event: 23.427 GC heap after
{Heap after GC invocations=12 (full 0):
 garbage-first heap   total 262144K, used 68799K [0x00000000a0000000, 0x0000000100000000)
  region size 1024K, 19 young (19456K), 19 survivors (19456K)
 Metaspace       used 70604K, committed 71296K, reserved 491520K
  class space    used 10074K, committed 10432K, reserved 425984K
}
Event: 26.830 GC heap before
{Heap before GC invocations=12 (full 0):
 garbage-first heap   total 262144K, used 204991K [0x00000000a0000000, 0x0000000100000000)
  region size 1024K, 153 young (156672K), 19 survivors (19456K)
 Metaspace       used 71538K, committed 72256K, reserved 491520K
  class space    used 10143K, committed 10496K, reserved 425984K
}
Event: 26.847 GC heap after
{Heap after GC invocations=13 (full 0):
 garbage-first heap   total 262144K, used 75602K [0x00000000a0000000, 0x0000000100000000)
  region size 1024K, 10 young (10240K), 10 survivors (10240K)
 Metaspace       used 71538K, committed 72256K, reserved 491520K
  class space    used 10143K, committed 10496K, reserved 425984K
}
Event: 28.735 GC heap before
{Heap before GC invocations=13 (full 0):
 garbage-first heap   total 262144K, used 225106K [0x00000000a0000000, 0x0000000100000000)
  region size 1024K, 140 young (143360K), 10 survivors (10240K)
 Metaspace       used 80589K, committed 81408K, reserved 557056K
  class space    used 11173K, committed 11584K, reserved 425984K
}
Event: 28.745 GC heap after
{Heap after GC invocations=14 (full 0):
 garbage-first heap   total 262144K, used 100206K [0x00000000a0000000, 0x0000000100000000)
  region size 1024K, 18 young (18432K), 18 survivors (18432K)
 Metaspace       used 80589K, committed 81408K, reserved 557056K
  class space    used 11173K, committed 11584K, reserved 425984K
}

