# JRE version: OpenJDK Runtime Environment Temurin-17.0.15+6 (17.0.15+6) (build 17.0.15+6)
# Java VM: OpenJDK 64-Bit Server VM Temurin-17.0.15+6 (17.0.15+6, mixed mode, sharing, tiered, compressed oops, compressed class ptrs, g1 gc, windows-amd64)
GC Precious Log:
 CPUs: 16 total, 16 available
 Memory: 7896M
 Large Page Support: Disabled
 NUMA Support: Disabled
 Compressed Oops: Enabled (Zero based)
 Heap Region Size: 1M
 Heap Min Capacity: 128M
 Heap Initial Capacity: 128M
 Heap Max Capacity: 1G
 Pre-touch: Disabled
 Parallel Workers: 13
 Concurrent Workers: 3
 Concurrent Refinement Workers: 13
 Periodic GC: Disabled
Heap:
 garbage-first heap   total 267264K, used 218287K [0x0000000100000000, 0x0000000140000000)
  region size 1024K, 13 young (13312K), 3 survivors (3072K)
 Metaspace       used 116567K, committed 117760K, reserved 458752K
  class space    used 15800K, committed 16384K, reserved 327680K
GC Heap History (20 events):
Event: 26.913 GC heap before
{Heap before GC invocations=45 (full 0):
 garbage-first heap   total 267264K, used 219412K [0x0000000100000000, 0x0000000140000000)
  region size 1024K, 60 young (61440K), 9 survivors (9216K)
 Metaspace       used 103624K, committed 104640K, reserved 458752K
  class space    used 14290K, committed 14784K, reserved 327680K
}
Event: 26.917 GC heap after
{Heap after GC invocations=46 (full 0):
 garbage-first heap   total 267264K, used 168931K [0x0000000100000000, 0x0000000140000000)
  region size 1024K, 5 young (5120K), 5 survivors (5120K)
 Metaspace       used 103624K, committed 104640K, reserved 458752K
  class space    used 14290K, committed 14784K, reserved 327680K
}
Event: 27.320 GC heap before
{Heap before GC invocations=46 (full 0):
 garbage-first heap   total 267264K, used 223203K [0x0000000100000000, 0x0000000140000000)
  region size 1024K, 56 young (57344K), 5 survivors (5120K)
 Metaspace       used 104155K, committed 105216K, reserved 458752K
  class space    used 14346K, committed 14848K, reserved 327680K
}
Event: 27.325 GC heap after
{Heap after GC invocations=47 (full 0):
 garbage-first heap   total 267264K, used 179373K [0x0000000100000000, 0x0000000140000000)
  region size 1024K, 7 young (7168K), 7 survivors (7168K)
 Metaspace       used 104155K, committed 105216K, reserved 458752K
  class space    used 14346K, committed 14848K, reserved 327680K
}
Event: 27.764 GC heap before
{Heap before GC invocations=47 (full 0):
 garbage-first heap   total 267264K, used 221357K [0x0000000100000000, 0x0000000140000000)
  region size 1024K, 48 young (49152K), 7 survivors (7168K)
 Metaspace       used 106585K, committed 107648K, reserved 458752K
  class space    used 14695K, committed 15168K, reserved 327680K
}
Event: 27.770 GC heap after
{Heap after GC invocations=48 (full 0):
 garbage-first heap   total 267264K, used 183031K [0x0000000100000000, 0x0000000140000000)
  region size 1024K, 4 young (4096K), 4 survivors (4096K)
 Metaspace       used 106585K, committed 107648K, reserved 458752K
  class space    used 14695K, committed 15168K, reserved 327680K
}
Event: 28.463 GC heap before
{Heap before GC invocations=48 (full 0):
 garbage-first heap   total 267264K, used 223991K [0x0000000100000000, 0x0000000140000000)
  region size 1024K, 44 young (45056K), 4 survivors (4096K)
 Metaspace       used 110094K, committed 111168K, reserved 458752K
  class space    used 15157K, committed 15680K, reserved 327680K
}
Event: 28.467 GC heap after
{Heap after GC invocations=49 (full 0):
 garbage-first heap   total 267264K, used 184657K [0x0000000100000000, 0x0000000140000000)
  region size 1024K, 5 young (5120K), 5 survivors (5120K)
 Metaspace       used 110094K, committed 111168K, reserved 458752K
  class space    used 15157K, committed 15680K, reserved 327680K
}
Event: 29.116 GC heap before
{Heap before GC invocations=49 (full 0):
 garbage-first heap   total 267264K, used 226641K [0x0000000100000000, 0x0000000140000000)
  region size 1024K, 46 young (47104K), 5 survivors (5120K)
 Metaspace       used 111796K, committed 112896K, reserved 458752K
  class space    used 15365K, committed 15872K, reserved 327680K
}
Event: 29.121 GC heap after
{Heap after GC invocations=50 (full 0):
 garbage-first heap   total 267264K, used 190985K [0x0000000100000000, 0x0000000140000000)
  region size 1024K, 6 young (6144K), 6 survivors (6144K)
 Metaspace       used 111796K, committed 112896K, reserved 458752K
  class space    used 15365K, committed 15872K, reserved 327680K
}
Event: 29.683 GC heap before
{Heap before GC invocations=50 (full 0):
 garbage-first heap   total 267264K, used 226825K [0x0000000100000000, 0x0000000140000000)
  region size 1024K, 41 young (41984K), 6 survivors (6144K)
 Metaspace       used 113120K, committed 114304K, reserved 458752K
  class space    used 15519K, committed 16064K, reserved 327680K
}
Event: 29.690 GC heap after
{Heap after GC invocations=51 (full 0):
 garbage-first heap   total 267264K, used 195928K [0x0000000100000000, 0x0000000140000000)
  region size 1024K, 5 young (5120K), 5 survivors (5120K)
 Metaspace       used 113120K, committed 114304K, reserved 458752K
  class space    used 15519K, committed 16064K, reserved 327680K
}
Event: 30.225 GC heap before
{Heap before GC invocations=51 (full 0):
 garbage-first heap   total 267264K, used 226648K [0x0000000100000000, 0x0000000140000000)
  region size 1024K, 36 young (36864K), 5 survivors (5120K)
 Metaspace       used 114348K, committed 115584K, reserved 458752K
  class space    used 15626K, committed 16192K, reserved 327680K
}
Event: 30.234 GC heap after
{Heap after GC invocations=52 (full 0):
 garbage-first heap   total 267264K, used 203676K [0x0000000100000000, 0x0000000140000000)
  region size 1024K, 5 young (5120K), 5 survivors (5120K)
 Metaspace       used 114348K, committed 115584K, reserved 458752K
  class space    used 15626K, committed 16192K, reserved 327680K
}
Event: 32.441 GC heap before
{Heap before GC invocations=52 (full 0):
 garbage-first heap   total 267264K, used 232348K [0x0000000100000000, 0x0000000140000000)
  region size 1024K, 28 young (28672K), 5 survivors (5120K)
 Metaspace       used 116098K, committed 117312K, reserved 458752K
  class space    used 15750K, committed 16320K, reserved 327680K
}
Event: 33.419 GC heap after
{Heap after GC invocations=53 (full 0):
 garbage-first heap   total 267264K, used 206998K [0x0000000100000000, 0x0000000140000000)
  region size 1024K, 4 young (4096K), 4 survivors (4096K)
 Metaspace       used 116098K, committed 117312K, reserved 458752K
  class space    used 15750K, committed 16320K, reserved 327680K
}
Event: 33.963 GC heap before
{Heap before GC invocations=53 (full 0):
 garbage-first heap   total 267264K, used 227478K [0x0000000100000000, 0x0000000140000000)
  region size 1024K, 25 young (25600K), 4 survivors (4096K)
 Metaspace       used 116099K, committed 117312K, reserved 458752K
  class space    used 15750K, committed 16320K, reserved 327680K
}
Event: 34.436 GC heap after
{Heap after GC invocations=54 (full 0):
 garbage-first heap   total 267264K, used 208011K [0x0000000100000000, 0x0000000140000000)
  region size 1024K, 1 young (1024K), 1 survivors (1024K)
 Metaspace       used 116099K, committed 117312K, reserved 458752K
  class space    used 15750K, committed 16320K, reserved 327680K
}
Event: 34.761 GC heap before
{Heap before GC invocations=54 (full 0):
 garbage-first heap   total 267264K, used 229515K [0x0000000100000000, 0x0000000140000000)
  region size 1024K, 22 young (22528K), 1 survivors (1024K)
 Metaspace       used 116531K, committed 117696K, reserved 458752K
  class space    used 15795K, committed 16384K, reserved 327680K
}
Event: 34.763 GC heap after
{Heap after GC invocations=55 (full 0):
 garbage-first heap   total 267264K, used 210095K [0x0000000100000000, 0x0000000140000000)
  region size 1024K, 3 young (3072K), 3 survivors (3072K)
 Metaspace       used 116531K, committed 117696K, reserved 458752K
  class space    used 15795K, committed 16384K, reserved 327680K
}

