# JRE version: OpenJDK Runtime Environment Temurin-17.0.15+6 (17.0.15+6) (build 17.0.15+6)
# Java VM: OpenJDK 64-Bit Server VM Temurin-17.0.15+6 (17.0.15+6, mixed mode, sharing, tiered, compressed oops, compressed class ptrs, g1 gc, windows-amd64)
GC Precious Log:
 CPUs: 16 total, 16 available
 Memory: 7896M
 Large Page Support: Disabled
 NUMA Support: Disabled
 Compressed Oops: Enabled (32-bit)
 Heap Region Size: 1M
 Heap Min Capacity: 64M
 Heap Initial Capacity: 64M
 Heap Max Capacity: 768M
 Pre-touch: Disabled
 Parallel Workers: 13
 Concurrent Workers: 3
 Concurrent Refinement Workers: 13
 Periodic GC: Disabled
Heap:
 garbage-first heap   total 86016K, used 49771K [0x00000000d0000000, 0x0000000100000000)
  region size 1024K, 2 young (2048K), 2 survivors (2048K)
 Metaspace       used 56098K, committed 56704K, reserved 278528K
  class space    used 7979K, committed 8256K, reserved 212992K
GC Heap History (20 events):
Event: 18.587 GC heap after
{Heap after GC invocations=25 (full 0):
 garbage-first heap   total 78848K, used 34873K [0x00000000d0000000, 0x0000000100000000)
  region size 1024K, 3 young (3072K), 3 survivors (3072K)
 Metaspace       used 42260K, committed 42752K, reserved 278528K
  class space    used 6005K, committed 6208K, reserved 212992K
}
Event: 18.608 GC heap before
{Heap before GC invocations=25 (full 0):
 garbage-first heap   total 78848K, used 35897K [0x00000000d0000000, 0x0000000100000000)
  region size 1024K, 4 young (4096K), 3 survivors (3072K)
 Metaspace       used 42373K, committed 42944K, reserved 278528K
  class space    used 6018K, committed 6272K, reserved 212992K
}
Event: 18.611 GC heap after
{Heap after GC invocations=26 (full 0):
 garbage-first heap   total 78848K, used 34842K [0x00000000d0000000, 0x0000000100000000)
  region size 1024K, 1 young (1024K), 1 survivors (1024K)
 Metaspace       used 42373K, committed 42944K, reserved 278528K
  class space    used 6018K, committed 6272K, reserved 212992K
}
Event: 23.501 GC heap before
{Heap before GC invocations=26 (full 0):
 garbage-first heap   total 78848K, used 65562K [0x00000000d0000000, 0x0000000100000000)
  region size 1024K, 31 young (31744K), 1 survivors (1024K)
 Metaspace       used 44710K, committed 45248K, reserved 278528K
  class space    used 6352K, committed 6592K, reserved 212992K
}
Event: 23.511 GC heap after
{Heap after GC invocations=27 (full 0):
 garbage-first heap   total 78848K, used 36694K [0x00000000d0000000, 0x0000000100000000)
  region size 1024K, 3 young (3072K), 3 survivors (3072K)
 Metaspace       used 44710K, committed 45248K, reserved 278528K
  class space    used 6352K, committed 6592K, reserved 212992K
}
Event: 24.969 GC heap before
{Heap before GC invocations=27 (full 0):
 garbage-first heap   total 78848K, used 63318K [0x00000000d0000000, 0x0000000100000000)
  region size 1024K, 30 young (30720K), 3 survivors (3072K)
 Metaspace       used 45333K, committed 45824K, reserved 278528K
  class space    used 6421K, committed 6656K, reserved 212992K
}
Event: 24.973 GC heap after
{Heap after GC invocations=28 (full 0):
 garbage-first heap   total 78848K, used 39842K [0x00000000d0000000, 0x0000000100000000)
  region size 1024K, 4 young (4096K), 4 survivors (4096K)
 Metaspace       used 45333K, committed 45824K, reserved 278528K
  class space    used 6421K, committed 6656K, reserved 212992K
}
Event: 25.919 GC heap before
{Heap before GC invocations=28 (full 0):
 garbage-first heap   total 78848K, used 64418K [0x00000000d0000000, 0x0000000100000000)
  region size 1024K, 28 young (28672K), 4 survivors (4096K)
 Metaspace       used 47713K, committed 48256K, reserved 278528K
  class space    used 6804K, committed 7040K, reserved 212992K
}
Event: 25.936 GC heap after
{Heap after GC invocations=29 (full 0):
 garbage-first heap   total 78848K, used 39814K [0x00000000d0000000, 0x0000000100000000)
  region size 1024K, 2 young (2048K), 2 survivors (2048K)
 Metaspace       used 47713K, committed 48256K, reserved 278528K
  class space    used 6804K, committed 7040K, reserved 212992K
}
Event: 27.557 GC heap before
{Heap before GC invocations=30 (full 0):
 garbage-first heap   total 78848K, used 71558K [0x00000000d0000000, 0x0000000100000000)
  region size 1024K, 26 young (26624K), 2 survivors (2048K)
 Metaspace       used 49696K, committed 50240K, reserved 278528K
  class space    used 7112K, committed 7360K, reserved 212992K
}
Event: 27.560 GC heap after
{Heap after GC invocations=31 (full 0):
 garbage-first heap   total 78848K, used 48513K [0x00000000d0000000, 0x0000000100000000)
  region size 1024K, 3 young (3072K), 3 survivors (3072K)
 Metaspace       used 49696K, committed 50240K, reserved 278528K
  class space    used 7112K, committed 7360K, reserved 212992K
}
Event: 27.575 GC heap before
{Heap before GC invocations=31 (full 0):
 garbage-first heap   total 78848K, used 48513K [0x00000000d0000000, 0x0000000100000000)
  region size 1024K, 4 young (4096K), 3 survivors (3072K)
 Metaspace       used 49768K, committed 50304K, reserved 278528K
  class space    used 7125K, committed 7360K, reserved 212992K
}
Event: 27.579 GC heap after
{Heap after GC invocations=32 (full 0):
 garbage-first heap   total 78848K, used 47980K [0x00000000d0000000, 0x0000000100000000)
  region size 1024K, 1 young (1024K), 1 survivors (1024K)
 Metaspace       used 49768K, committed 50304K, reserved 278528K
  class space    used 7125K, committed 7360K, reserved 212992K
}
Event: 27.789 GC heap before
{Heap before GC invocations=32 (full 0):
 garbage-first heap   total 78848K, used 64364K [0x00000000d0000000, 0x0000000100000000)
  region size 1024K, 17 young (17408K), 1 survivors (1024K)
 Metaspace       used 51572K, committed 52096K, reserved 278528K
  class space    used 7367K, committed 7616K, reserved 212992K
}
Event: 27.791 GC heap after
{Heap after GC invocations=33 (full 0):
 garbage-first heap   total 78848K, used 48124K [0x00000000d0000000, 0x0000000100000000)
  region size 1024K, 1 young (1024K), 1 survivors (1024K)
 Metaspace       used 51572K, committed 52096K, reserved 278528K
  class space    used 7367K, committed 7616K, reserved 212992K
}
Event: 28.070 GC heap before
{Heap before GC invocations=34 (full 0):
 garbage-first heap   total 86016K, used 64508K [0x00000000d0000000, 0x0000000100000000)
  region size 1024K, 18 young (18432K), 1 survivors (1024K)
 Metaspace       used 53836K, committed 54400K, reserved 278528K
  class space    used 7649K, committed 7872K, reserved 212992K
}
Event: 28.073 GC heap after
{Heap after GC invocations=35 (full 0):
 garbage-first heap   total 86016K, used 48619K [0x00000000d0000000, 0x0000000100000000)
  region size 1024K, 1 young (1024K), 1 survivors (1024K)
 Metaspace       used 53836K, committed 54400K, reserved 278528K
  class space    used 7649K, committed 7872K, reserved 212992K
}
Event: 28.134 GC heap before
{Heap before GC invocations=35 (full 0):
 garbage-first heap   total 86016K, used 51691K [0x00000000d0000000, 0x0000000100000000)
  region size 1024K, 4 young (4096K), 1 survivors (1024K)
 Metaspace       used 54300K, committed 54912K, reserved 278528K
  class space    used 7715K, committed 8000K, reserved 212992K
}
Event: 28.136 GC heap after
{Heap after GC invocations=36 (full 0):
 garbage-first heap   total 86016K, used 48697K [0x00000000d0000000, 0x0000000100000000)
  region size 1024K, 1 young (1024K), 1 survivors (1024K)
 Metaspace       used 54300K, committed 54912K, reserved 278528K
  class space    used 7715K, committed 8000K, reserved 212992K
}
Event: 28.609 GC heap before
{Heap before GC invocations=36 (full 0):
 garbage-first heap   total 86016K, used 72249K [0x00000000d0000000, 0x0000000100000000)
  region size 1024K, 24 young (24576K), 1 survivors (1024K)
 Metaspace       used 56098K, committed 56704K, reserved 278528K
  class space    used 7979K, committed 8256K, reserved 212992K
}

