# JRE version: OpenJDK Runtime Environment Temurin-17.0.15+6 (17.0.15+6) (build 17.0.15+6)
# Java VM: OpenJDK 64-Bit Server VM Temurin-17.0.15+6 (17.0.15+6, mixed mode, sharing, tiered, compressed oops, compressed class ptrs, g1 gc, windows-amd64)
GC Precious Log:
 CPUs: 16 total, 16 available
 Memory: 7896M
 Large Page Support: Disabled
 NUMA Support: Disabled
 Compressed Oops: Enabled (32-bit)
 Heap Region Size: 1M
 Heap Min Capacity: 64M
 Heap Initial Capacity: 64M
 Heap Max Capacity: 768M
 Pre-touch: Disabled
 Parallel Workers: 13
 Concurrent Workers: 3
 Concurrent Refinement Workers: 13
 Periodic GC: Disabled
Heap:
 garbage-first heap   total 92160K, used 74884K [0x00000000d0000000, 0x0000000100000000)
  region size 1024K, 24 young (24576K), 1 survivors (1024K)
 Metaspace       used 55935K, committed 56576K, reserved 278528K
  class space    used 7960K, committed 8256K, reserved 212992K
GC Heap History (20 events):
Event: 20.002 GC heap before
{Heap before GC invocations=24 (full 0):
 garbage-first heap   total 78848K, used 65013K [0x00000000d0000000, 0x0000000100000000)
  region size 1024K, 31 young (31744K), 3 survivors (3072K)
 Metaspace       used 43964K, committed 44480K, reserved 278528K
  class space    used 6248K, committed 6464K, reserved 212992K
}
Event: 20.006 GC heap after
{Heap after GC invocations=25 (full 0):
 garbage-first heap   total 78848K, used 37816K [0x00000000d0000000, 0x0000000100000000)
  region size 1024K, 3 young (3072K), 3 survivors (3072K)
 Metaspace       used 43964K, committed 44480K, reserved 278528K
  class space    used 6248K, committed 6464K, reserved 212992K
}
Event: 22.463 GC heap before
{Heap before GC invocations=25 (full 0):
 garbage-first heap   total 78848K, used 64440K [0x00000000d0000000, 0x0000000100000000)
  region size 1024K, 29 young (29696K), 3 survivors (3072K)
 Metaspace       used 45077K, committed 45568K, reserved 278528K
  class space    used 6381K, committed 6592K, reserved 212992K
}
Event: 22.467 GC heap after
{Heap after GC invocations=26 (full 0):
 garbage-first heap   total 78848K, used 41170K [0x00000000d0000000, 0x0000000100000000)
  region size 1024K, 4 young (4096K), 4 survivors (4096K)
 Metaspace       used 45077K, committed 45568K, reserved 278528K
  class space    used 6381K, committed 6592K, reserved 212992K
}
Event: 22.842 GC heap before
{Heap before GC invocations=27 (full 0):
 garbage-first heap   total 78848K, used 63698K [0x00000000d0000000, 0x0000000100000000)
  region size 1024K, 26 young (26624K), 4 survivors (4096K)
 Metaspace       used 46513K, committed 47040K, reserved 278528K
  class space    used 6617K, committed 6848K, reserved 212992K
}
Event: 22.846 GC heap after
{Heap after GC invocations=28 (full 0):
 garbage-first heap   total 78848K, used 43150K [0x00000000d0000000, 0x0000000100000000)
  region size 1024K, 3 young (3072K), 3 survivors (3072K)
 Metaspace       used 46513K, committed 47040K, reserved 278528K
  class space    used 6617K, committed 6848K, reserved 212992K
}
Event: 22.859 GC heap before
{Heap before GC invocations=28 (full 0):
 garbage-first heap   total 78848K, used 44174K [0x00000000d0000000, 0x0000000100000000)
  region size 1024K, 4 young (4096K), 3 survivors (3072K)
 Metaspace       used 46615K, committed 47232K, reserved 278528K
  class space    used 6634K, committed 6912K, reserved 212992K
}
Event: 22.861 GC heap after
{Heap after GC invocations=29 (full 0):
 garbage-first heap   total 78848K, used 43065K [0x00000000d0000000, 0x0000000100000000)
  region size 1024K, 1 young (1024K), 1 survivors (1024K)
 Metaspace       used 46615K, committed 47232K, reserved 278528K
  class space    used 6634K, committed 6912K, reserved 212992K
}
Event: 24.142 GC heap before
{Heap before GC invocations=29 (full 0):
 garbage-first heap   total 78848K, used 63545K [0x00000000d0000000, 0x0000000100000000)
  region size 1024K, 21 young (21504K), 1 survivors (1024K)
 Metaspace       used 48355K, committed 48896K, reserved 278528K
  class space    used 6932K, committed 7168K, reserved 212992K
}
Event: 24.144 GC heap after
{Heap after GC invocations=30 (full 0):
 garbage-first heap   total 78848K, used 43431K [0x00000000d0000000, 0x0000000100000000)
  region size 1024K, 1 young (1024K), 1 survivors (1024K)
 Metaspace       used 48355K, committed 48896K, reserved 278528K
  class space    used 6932K, committed 7168K, reserved 212992K
}
Event: 24.517 GC heap before
{Heap before GC invocations=31 (full 0):
 garbage-first heap   total 78848K, used 71079K [0x00000000d0000000, 0x0000000100000000)
  region size 1024K, 21 young (21504K), 1 survivors (1024K)
 Metaspace       used 50131K, committed 50688K, reserved 278528K
  class space    used 7179K, committed 7424K, reserved 212992K
}
Event: 24.519 GC heap after
{Heap after GC invocations=32 (full 0):
 garbage-first heap   total 78848K, used 52222K [0x00000000d0000000, 0x0000000100000000)
  region size 1024K, 3 young (3072K), 3 survivors (3072K)
 Metaspace       used 50131K, committed 50688K, reserved 278528K
  class space    used 7179K, committed 7424K, reserved 212992K
}
Event: 24.532 GC heap before
{Heap before GC invocations=32 (full 0):
 garbage-first heap   total 78848K, used 53246K [0x00000000d0000000, 0x0000000100000000)
  region size 1024K, 4 young (4096K), 3 survivors (3072K)
 Metaspace       used 50249K, committed 50816K, reserved 278528K
  class space    used 7189K, committed 7424K, reserved 212992K
}
Event: 24.534 GC heap after
{Heap after GC invocations=33 (full 0):
 garbage-first heap   total 78848K, used 51924K [0x00000000d0000000, 0x0000000100000000)
  region size 1024K, 1 young (1024K), 1 survivors (1024K)
 Metaspace       used 50249K, committed 50816K, reserved 278528K
  class space    used 7189K, committed 7424K, reserved 212992K
}
Event: 24.853 GC heap before
{Heap before GC invocations=33 (full 0):
 garbage-first heap   total 78848K, used 66260K [0x00000000d0000000, 0x0000000100000000)
  region size 1024K, 15 young (15360K), 1 survivors (1024K)
 Metaspace       used 51848K, committed 52416K, reserved 278528K
  class space    used 7395K, committed 7680K, reserved 212992K
}
Event: 24.856 GC heap after
{Heap after GC invocations=34 (full 0):
 garbage-first heap   total 78848K, used 52085K [0x00000000d0000000, 0x0000000100000000)
  region size 1024K, 1 young (1024K), 1 survivors (1024K)
 Metaspace       used 51848K, committed 52416K, reserved 278528K
  class space    used 7395K, committed 7680K, reserved 212992K
}
Event: 26.214 GC heap before
{Heap before GC invocations=35 (full 0):
 garbage-first heap   total 92160K, used 65397K [0x00000000d0000000, 0x0000000100000000)
  region size 1024K, 15 young (15360K), 1 survivors (1024K)
 Metaspace       used 53297K, committed 53888K, reserved 278528K
  class space    used 7596K, committed 7872K, reserved 212992K
}
Event: 26.216 GC heap after
{Heap after GC invocations=36 (full 0):
 garbage-first heap   total 92160K, used 52428K [0x00000000d0000000, 0x0000000100000000)
  region size 1024K, 1 young (1024K), 1 survivors (1024K)
 Metaspace       used 53297K, committed 53888K, reserved 278528K
  class space    used 7596K, committed 7872K, reserved 212992K
}
Event: 26.323 GC heap before
{Heap before GC invocations=36 (full 0):
 garbage-first heap   total 92160K, used 55500K [0x00000000d0000000, 0x0000000100000000)
  region size 1024K, 4 young (4096K), 1 survivors (1024K)
 Metaspace       used 54222K, committed 54848K, reserved 278528K
  class space    used 7704K, committed 8000K, reserved 212992K
}
Event: 26.325 GC heap after
{Heap after GC invocations=37 (full 0):
 garbage-first heap   total 92160K, used 52356K [0x00000000d0000000, 0x0000000100000000)
  region size 1024K, 1 young (1024K), 1 survivors (1024K)
 Metaspace       used 54222K, committed 54848K, reserved 278528K
  class space    used 7704K, committed 8000K, reserved 212992K
}

