# JRE version: OpenJDK Runtime Environment Temurin-17.0.15+6 (17.0.15+6) (build 17.0.15+6)
# Java VM: OpenJDK 64-Bit Server VM Temurin-17.0.15+6 (17.0.15+6, mixed mode, sharing, tiered, compressed oops, compressed class ptrs, g1 gc, windows-amd64)
GC Precious Log:
 CPUs: 16 total, 16 available
 Memory: 7896M
 Large Page Support: Disabled
 NUMA Support: Disabled
 Compressed Oops: Enabled (32-bit)
 Heap Region Size: 1M
 Heap Min Capacity: 8M
 Heap Initial Capacity: 124M
 Heap Max Capacity: 1976M
 Pre-touch: Disabled
 Parallel Workers: 13
 Concurrent Workers: 3
 Concurrent Refinement Workers: 13
 Periodic GC: Disabled
Heap:
 garbage-first heap   total 152576K, used 88914K [0x0000000084800000, 0x0000000100000000)
  region size 1024K, 5 young (5120K), 4 survivors (4096K)
 Metaspace       used 62526K, committed 62912K, reserved 1114112K
  class space    used 6879K, committed 7104K, reserved 1048576K
GC Heap History (20 events):
Event: 16.646 GC heap before
{Heap before GC invocations=12 (full 0):
 garbage-first heap   total 115712K, used 90054K [0x0000000084800000, 0x0000000100000000)
  region size 1024K, 39 young (39936K), 6 survivors (6144K)
 Metaspace       used 51273K, committed 51648K, reserved 1114112K
  class space    used 6001K, committed 6208K, reserved 1048576K
}
Event: 16.672 GC heap after
{Heap after GC invocations=13 (full 0):
 garbage-first heap   total 115712K, used 60914K [0x0000000084800000, 0x0000000100000000)
  region size 1024K, 4 young (4096K), 4 survivors (4096K)
 Metaspace       used 51273K, committed 51648K, reserved 1114112K
  class space    used 6001K, committed 6208K, reserved 1048576K
}
Event: 18.738 GC heap before
{Heap before GC invocations=13 (full 0):
 garbage-first heap   total 115712K, used 91634K [0x0000000084800000, 0x0000000100000000)
  region size 1024K, 34 young (34816K), 4 survivors (4096K)
 Metaspace       used 53074K, committed 53504K, reserved 1114112K
  class space    used 6119K, committed 6336K, reserved 1048576K
}
Event: 18.771 GC heap after
{Heap after GC invocations=14 (full 0):
 garbage-first heap   total 139264K, used 64952K [0x0000000084800000, 0x0000000100000000)
  region size 1024K, 4 young (4096K), 4 survivors (4096K)
 Metaspace       used 53074K, committed 53504K, reserved 1114112K
  class space    used 6119K, committed 6336K, reserved 1048576K
}
Event: 20.864 GC heap before
{Heap before GC invocations=15 (full 0):
 garbage-first heap   total 139264K, used 110008K [0x0000000084800000, 0x0000000100000000)
  region size 1024K, 47 young (48128K), 4 survivors (4096K)
 Metaspace       used 54132K, committed 54528K, reserved 1114112K
  class space    used 6153K, committed 6336K, reserved 1048576K
}
Event: 20.884 GC heap after
{Heap after GC invocations=16 (full 0):
 garbage-first heap   total 139264K, used 70950K [0x0000000084800000, 0x0000000100000000)
  region size 1024K, 6 young (6144K), 6 survivors (6144K)
 Metaspace       used 54132K, committed 54528K, reserved 1114112K
  class space    used 6153K, committed 6336K, reserved 1048576K
}
Event: 23.808 GC heap before
{Heap before GC invocations=16 (full 0):
 garbage-first heap   total 139264K, used 109862K [0x0000000084800000, 0x0000000100000000)
  region size 1024K, 44 young (45056K), 6 survivors (6144K)
 Metaspace       used 54741K, committed 55104K, reserved 1114112K
  class space    used 6170K, committed 6336K, reserved 1048576K
}
Event: 23.829 GC heap after
{Heap after GC invocations=17 (full 0):
 garbage-first heap   total 139264K, used 75861K [0x0000000084800000, 0x0000000100000000)
  region size 1024K, 6 young (6144K), 6 survivors (6144K)
 Metaspace       used 54741K, committed 55104K, reserved 1114112K
  class space    used 6170K, committed 6336K, reserved 1048576K
}
Event: 26.195 GC heap before
{Heap before GC invocations=18 (full 0):
 garbage-first heap   total 139264K, used 112725K [0x0000000084800000, 0x0000000100000000)
  region size 1024K, 40 young (40960K), 6 survivors (6144K)
 Metaspace       used 55048K, committed 55424K, reserved 1114112K
  class space    used 6180K, committed 6400K, reserved 1048576K
}
Event: 26.213 GC heap after
{Heap after GC invocations=19 (full 0):
 garbage-first heap   total 139264K, used 81679K [0x0000000084800000, 0x0000000100000000)
  region size 1024K, 4 young (4096K), 4 survivors (4096K)
 Metaspace       used 55048K, committed 55424K, reserved 1114112K
  class space    used 6180K, committed 6400K, reserved 1048576K
}
Event: 26.287 GC heap before
{Heap before GC invocations=19 (full 0):
 garbage-first heap   total 139264K, used 83727K [0x0000000084800000, 0x0000000100000000)
  region size 1024K, 6 young (6144K), 4 survivors (4096K)
 Metaspace       used 55054K, committed 55488K, reserved 1114112K
  class space    used 6180K, committed 6400K, reserved 1048576K
}
Event: 26.297 GC heap after
{Heap after GC invocations=20 (full 0):
 garbage-first heap   total 139264K, used 81468K [0x0000000084800000, 0x0000000100000000)
  region size 1024K, 1 young (1024K), 1 survivors (1024K)
 Metaspace       used 55054K, committed 55488K, reserved 1114112K
  class space    used 6180K, committed 6400K, reserved 1048576K
}
Event: 28.345 GC heap before
{Heap before GC invocations=20 (full 0):
 garbage-first heap   total 139264K, used 113212K [0x0000000084800000, 0x0000000100000000)
  region size 1024K, 32 young (32768K), 1 survivors (1024K)
 Metaspace       used 55479K, committed 55808K, reserved 1114112K
  class space    used 6222K, committed 6400K, reserved 1048576K
}
Event: 28.358 GC heap after
{Heap after GC invocations=21 (full 0):
 garbage-first heap   total 139264K, used 83985K [0x0000000084800000, 0x0000000100000000)
  region size 1024K, 4 young (4096K), 4 survivors (4096K)
 Metaspace       used 55479K, committed 55808K, reserved 1114112K
  class space    used 6222K, committed 6400K, reserved 1048576K
}
Event: 30.221 GC heap before
{Heap before GC invocations=22 (full 0):
 garbage-first heap   total 145408K, used 113681K [0x0000000084800000, 0x0000000100000000)
  region size 1024K, 33 young (33792K), 4 survivors (4096K)
 Metaspace       used 55859K, committed 56256K, reserved 1114112K
  class space    used 6249K, committed 6464K, reserved 1048576K
}
Event: 30.233 GC heap after
{Heap after GC invocations=23 (full 0):
 garbage-first heap   total 145408K, used 86299K [0x0000000084800000, 0x0000000100000000)
  region size 1024K, 3 young (3072K), 3 survivors (3072K)
 Metaspace       used 55859K, committed 56256K, reserved 1114112K
  class space    used 6249K, committed 6464K, reserved 1048576K
}
Event: 30.606 GC heap before
{Heap before GC invocations=23 (full 0):
 garbage-first heap   total 145408K, used 90395K [0x0000000084800000, 0x0000000100000000)
  region size 1024K, 7 young (7168K), 3 survivors (3072K)
 Metaspace       used 55918K, committed 56320K, reserved 1114112K
  class space    used 6250K, committed 6464K, reserved 1048576K
}
Event: 30.613 GC heap after
{Heap after GC invocations=24 (full 0):
 garbage-first heap   total 145408K, used 85954K [0x0000000084800000, 0x0000000100000000)
  region size 1024K, 1 young (1024K), 1 survivors (1024K)
 Metaspace       used 55918K, committed 56320K, reserved 1114112K
  class space    used 6250K, committed 6464K, reserved 1048576K
}
Event: 32.875 GC heap before
{Heap before GC invocations=24 (full 0):
 garbage-first heap   total 145408K, used 119746K [0x0000000084800000, 0x0000000100000000)
  region size 1024K, 34 young (34816K), 1 survivors (1024K)
 Metaspace       used 57152K, committed 57536K, reserved 1114112K
  class space    used 6357K, committed 6592K, reserved 1048576K
}
Event: 32.884 GC heap after
{Heap after GC invocations=25 (full 0):
 garbage-first heap   total 145408K, used 87552K [0x0000000084800000, 0x0000000100000000)
  region size 1024K, 2 young (2048K), 2 survivors (2048K)
 Metaspace       used 57152K, committed 57536K, reserved 1114112K
  class space    used 6357K, committed 6592K, reserved 1048576K
}

