# JRE version: OpenJDK Runtime Environment Temurin-17.0.15+6 (17.0.15+6) (build 17.0.15+6)
# Java VM: OpenJDK 64-Bit Server VM Temurin-17.0.15+6 (17.0.15+6, mixed mode, sharing, tiered, compressed oops, compressed class ptrs, g1 gc, windows-amd64)
GC Precious Log:
 CPUs: 16 total, 16 available
 Memory: 7896M
 Large Page Support: Disabled
 NUMA Support: Disabled
 Compressed Oops: Enabled (32-bit)
 Heap Region Size: 1M
 Heap Min Capacity: 64M
 Heap Initial Capacity: 64M
 Heap Max Capacity: 768M
 Pre-touch: Disabled
 Parallel Workers: 13
 Concurrent Workers: 3
 Concurrent Refinement Workers: 13
 Periodic GC: Disabled
Heap:
 garbage-first heap   total 65536K, used 37835K [0x00000000d0000000, 0x0000000100000000)
  region size 1024K, 15 young (15360K), 3 survivors (3072K)
 Metaspace       used 27235K, committed 27584K, reserved 278528K
  class space    used 3824K, committed 3968K, reserved 212992K
GC Heap History (18 events):
Event: 1.728 GC heap before
{Heap before GC invocations=0 (full 0):
 garbage-first heap   total 65536K, used 22528K [0x00000000d0000000, 0x0000000100000000)
  region size 1024K, 23 young (23552K), 0 survivors (0K)
 Metaspace       used 1111K, committed 1280K, reserved 278528K
  class space    used 73K, committed 128K, reserved 212992K
}
Event: 1.733 GC heap after
{Heap after GC invocations=1 (full 0):
 garbage-first heap   total 65536K, used 3868K [0x00000000d0000000, 0x0000000100000000)
  region size 1024K, 3 young (3072K), 3 survivors (3072K)
 Metaspace       used 1111K, committed 1280K, reserved 278528K
  class space    used 73K, committed 128K, reserved 212992K
}
Event: 2.566 GC heap before
{Heap before GC invocations=1 (full 0):
 garbage-first heap   total 65536K, used 35612K [0x00000000d0000000, 0x0000000100000000)
  region size 1024K, 31 young (31744K), 3 survivors (3072K)
 Metaspace       used 4406K, committed 4608K, reserved 278528K
  class space    used 545K, committed 640K, reserved 212992K
}
Event: 2.588 GC heap after
{Heap after GC invocations=2 (full 0):
 garbage-first heap   total 65536K, used 11185K [0x00000000d0000000, 0x0000000100000000)
  region size 1024K, 4 young (4096K), 4 survivors (4096K)
 Metaspace       used 4406K, committed 4608K, reserved 278528K
  class space    used 545K, committed 640K, reserved 212992K
}
Event: 3.175 GC heap before
{Heap before GC invocations=2 (full 0):
 garbage-first heap   total 65536K, used 37809K [0x00000000d0000000, 0x0000000100000000)
  region size 1024K, 30 young (30720K), 4 survivors (4096K)
 Metaspace       used 4452K, committed 4608K, reserved 278528K
  class space    used 546K, committed 640K, reserved 212992K
}
Event: 3.183 GC heap after
{Heap after GC invocations=3 (full 0):
 garbage-first heap   total 65536K, used 12108K [0x00000000d0000000, 0x0000000100000000)
  region size 1024K, 1 young (1024K), 1 survivors (1024K)
 Metaspace       used 4452K, committed 4608K, reserved 278528K
  class space    used 546K, committed 640K, reserved 212992K
}
Event: 4.140 GC heap before
{Heap before GC invocations=3 (full 0):
 garbage-first heap   total 65536K, used 42828K [0x00000000d0000000, 0x0000000100000000)
  region size 1024K, 29 young (29696K), 1 survivors (1024K)
 Metaspace       used 5611K, committed 5824K, reserved 278528K
  class space    used 731K, committed 832K, reserved 212992K
}
Event: 4.150 GC heap after
{Heap after GC invocations=4 (full 0):
 garbage-first heap   total 65536K, used 18149K [0x00000000d0000000, 0x0000000100000000)
  region size 1024K, 4 young (4096K), 4 survivors (4096K)
 Metaspace       used 5611K, committed 5824K, reserved 278528K
  class space    used 731K, committed 832K, reserved 212992K
}
Event: 7.325 GC heap before
{Heap before GC invocations=4 (full 0):
 garbage-first heap   total 65536K, used 44773K [0x00000000d0000000, 0x0000000100000000)
  region size 1024K, 30 young (30720K), 4 survivors (4096K)
 Metaspace       used 11747K, committed 11968K, reserved 278528K
  class space    used 1575K, committed 1728K, reserved 212992K
}
Event: 7.329 GC heap after
{Heap after GC invocations=5 (full 0):
 garbage-first heap   total 65536K, used 21155K [0x00000000d0000000, 0x0000000100000000)
  region size 1024K, 3 young (3072K), 3 survivors (3072K)
 Metaspace       used 11747K, committed 11968K, reserved 278528K
  class space    used 1575K, committed 1728K, reserved 212992K
}
Event: 8.184 GC heap before
{Heap before GC invocations=5 (full 0):
 garbage-first heap   total 65536K, used 45731K [0x00000000d0000000, 0x0000000100000000)
  region size 1024K, 27 young (27648K), 3 survivors (3072K)
 Metaspace       used 15668K, committed 15936K, reserved 278528K
  class space    used 2164K, committed 2304K, reserved 212992K
}
Event: 8.188 GC heap after
{Heap after GC invocations=6 (full 0):
 garbage-first heap   total 65536K, used 22419K [0x00000000d0000000, 0x0000000100000000)
  region size 1024K, 2 young (2048K), 2 survivors (2048K)
 Metaspace       used 15668K, committed 15936K, reserved 278528K
  class space    used 2164K, committed 2304K, reserved 212992K
}
Event: 8.752 GC heap before
{Heap before GC invocations=6 (full 0):
 garbage-first heap   total 65536K, used 45971K [0x00000000d0000000, 0x0000000100000000)
  region size 1024K, 26 young (26624K), 2 survivors (2048K)
 Metaspace       used 18468K, committed 18688K, reserved 278528K
  class space    used 2656K, committed 2752K, reserved 212992K
}
Event: 8.754 GC heap after
{Heap after GC invocations=7 (full 0):
 garbage-first heap   total 65536K, used 23847K [0x00000000d0000000, 0x0000000100000000)
  region size 1024K, 3 young (3072K), 3 survivors (3072K)
 Metaspace       used 18468K, committed 18688K, reserved 278528K
  class space    used 2656K, committed 2752K, reserved 212992K
}
Event: 9.338 GC heap before
{Heap before GC invocations=7 (full 0):
 garbage-first heap   total 65536K, used 46375K [0x00000000d0000000, 0x0000000100000000)
  region size 1024K, 26 young (26624K), 3 survivors (3072K)
 Metaspace       used 21166K, committed 21504K, reserved 278528K
  class space    used 3062K, committed 3264K, reserved 212992K
}
Event: 9.342 GC heap after
{Heap after GC invocations=8 (full 0):
 garbage-first heap   total 65536K, used 25328K [0x00000000d0000000, 0x0000000100000000)
  region size 1024K, 4 young (4096K), 4 survivors (4096K)
 Metaspace       used 21166K, committed 21504K, reserved 278528K
  class space    used 3062K, committed 3264K, reserved 212992K
}
Event: 10.841 GC heap before
{Heap before GC invocations=9 (full 0):
 garbage-first heap   total 65536K, used 49904K [0x00000000d0000000, 0x0000000100000000)
  region size 1024K, 28 young (28672K), 4 survivors (4096K)
 Metaspace       used 24478K, committed 24832K, reserved 278528K
  class space    used 3559K, committed 3712K, reserved 212992K
}
Event: 10.845 GC heap after
{Heap after GC invocations=10 (full 0):
 garbage-first heap   total 65536K, used 26571K [0x00000000d0000000, 0x0000000100000000)
  region size 1024K, 3 young (3072K), 3 survivors (3072K)
 Metaspace       used 24478K, committed 24832K, reserved 278528K
  class space    used 3559K, committed 3712K, reserved 212992K
}

