# JRE version: OpenJDK Runtime Environment Temurin-17.0.15+6 (17.0.15+6) (build 17.0.15+6)
# Java VM: OpenJDK 64-Bit Server VM Temurin-17.0.15+6 (17.0.15+6, mixed mode, sharing, tiered, compressed oops, compressed class ptrs, g1 gc, windows-amd64)
GC Precious Log:
 CPUs: 16 total, 16 available
 Memory: 7896M
 Large Page Support: Disabled
 NUMA Support: Disabled
 Compressed Oops: Enabled (32-bit)
 Heap Region Size: 1M
 Heap Min Capacity: 8M
 Heap Initial Capacity: 124M
 Heap Max Capacity: 1976M
 Pre-touch: Disabled
 Parallel Workers: 13
 Concurrent Workers: 3
 Concurrent Refinement Workers: 13
 Periodic GC: Disabled
Heap:
 garbage-first heap   total 126976K, used 47211K [0x0000000084800000, 0x0000000100000000)
  region size 1024K, 1 young (1024K), 1 survivors (1024K)
 Metaspace       used 56557K, committed 56896K, reserved 1114112K
  class space    used 6291K, committed 6464K, reserved 1048576K
GC Heap History (20 events):
Event: 2.732 GC heap after
{Heap after GC invocations=7 (full 0):
 garbage-first heap   total 66560K, used 20451K [0x0000000084800000, 0x0000000100000000)
  region size 1024K, 3 young (3072K), 3 survivors (3072K)
 Metaspace       used 35863K, committed 36096K, reserved 1114112K
  class space    used 4381K, committed 4480K, reserved 1048576K
}
Event: 2.975 GC heap before
{Heap before GC invocations=8 (full 0):
 garbage-first heap   total 66560K, used 49123K [0x0000000084800000, 0x0000000100000000)
  region size 1024K, 30 young (30720K), 3 survivors (3072K)
 Metaspace       used 38434K, committed 38656K, reserved 1114112K
  class space    used 4658K, committed 4800K, reserved 1048576K
}
Event: 2.982 GC heap after
{Heap after GC invocations=9 (full 0):
 garbage-first heap   total 66560K, used 27731K [0x0000000084800000, 0x0000000100000000)
  region size 1024K, 4 young (4096K), 4 survivors (4096K)
 Metaspace       used 38434K, committed 38656K, reserved 1114112K
  class space    used 4658K, committed 4800K, reserved 1048576K
}
Event: 3.176 GC heap before
{Heap before GC invocations=9 (full 0):
 garbage-first heap   total 66560K, used 48211K [0x0000000084800000, 0x0000000100000000)
  region size 1024K, 24 young (24576K), 4 survivors (4096K)
 Metaspace       used 39638K, committed 39872K, reserved 1114112K
  class space    used 4752K, committed 4864K, reserved 1048576K
}
Event: 3.185 GC heap after
{Heap after GC invocations=10 (full 0):
 garbage-first heap   total 66560K, used 33899K [0x0000000084800000, 0x0000000100000000)
  region size 1024K, 3 young (3072K), 3 survivors (3072K)
 Metaspace       used 39638K, committed 39872K, reserved 1114112K
  class space    used 4752K, committed 4864K, reserved 1048576K
}
Event: 3.591 GC heap before
{Heap before GC invocations=10 (full 0):
 garbage-first heap   total 66560K, used 49259K [0x0000000084800000, 0x0000000100000000)
  region size 1024K, 18 young (18432K), 3 survivors (3072K)
 Metaspace       used 42781K, committed 43072K, reserved 1114112K
  class space    used 5112K, committed 5248K, reserved 1048576K
}
Event: 3.600 GC heap after
{Heap after GC invocations=11 (full 0):
 garbage-first heap   total 80896K, used 36221K [0x0000000084800000, 0x0000000100000000)
  region size 1024K, 2 young (2048K), 2 survivors (2048K)
 Metaspace       used 42781K, committed 43072K, reserved 1114112K
  class space    used 5112K, committed 5248K, reserved 1048576K
}
Event: 4.172 GC heap before
{Heap before GC invocations=12 (full 0):
 garbage-first heap   total 80896K, used 59773K [0x0000000084800000, 0x0000000100000000)
  region size 1024K, 25 young (25600K), 2 survivors (2048K)
 Metaspace       used 44300K, committed 44608K, reserved 1114112K
  class space    used 5292K, committed 5440K, reserved 1048576K
}
Event: 4.187 GC heap after
{Heap after GC invocations=13 (full 0):
 garbage-first heap   total 80896K, used 41436K [0x0000000084800000, 0x0000000100000000)
  region size 1024K, 4 young (4096K), 4 survivors (4096K)
 Metaspace       used 44300K, committed 44608K, reserved 1114112K
  class space    used 5292K, committed 5440K, reserved 1048576K
}
Event: 5.313 GC heap before
{Heap before GC invocations=13 (full 0):
 garbage-first heap   total 80896K, used 60892K [0x0000000084800000, 0x0000000100000000)
  region size 1024K, 23 young (23552K), 4 survivors (4096K)
 Metaspace       used 46295K, committed 46656K, reserved 1114112K
  class space    used 5410K, committed 5568K, reserved 1048576K
}
Event: 5.334 GC heap after
{Heap after GC invocations=14 (full 0):
 garbage-first heap   total 80896K, used 44251K [0x0000000084800000, 0x0000000100000000)
  region size 1024K, 3 young (3072K), 3 survivors (3072K)
 Metaspace       used 46295K, committed 46656K, reserved 1114112K
  class space    used 5410K, committed 5568K, reserved 1048576K
}
Event: 5.927 GC heap before
{Heap before GC invocations=15 (full 0):
 garbage-first heap   total 80896K, used 59611K [0x0000000084800000, 0x0000000100000000)
  region size 1024K, 20 young (20480K), 3 survivors (3072K)
 Metaspace       used 49202K, committed 49472K, reserved 1114112K
  class space    used 5675K, committed 5824K, reserved 1048576K
}
Event: 5.935 GC heap after
{Heap after GC invocations=16 (full 0):
 garbage-first heap   total 80896K, used 45063K [0x0000000084800000, 0x0000000100000000)
  region size 1024K, 2 young (2048K), 2 survivors (2048K)
 Metaspace       used 49202K, committed 49472K, reserved 1114112K
  class space    used 5675K, committed 5824K, reserved 1048576K
}
Event: 5.959 GC heap before
{Heap before GC invocations=16 (full 0):
 garbage-first heap   total 80896K, used 46087K [0x0000000084800000, 0x0000000100000000)
  region size 1024K, 3 young (3072K), 2 survivors (2048K)
 Metaspace       used 49389K, committed 49728K, reserved 1114112K
  class space    used 5692K, committed 5824K, reserved 1048576K
}
Event: 5.965 GC heap after
{Heap after GC invocations=17 (full 0):
 garbage-first heap   total 80896K, used 44962K [0x0000000084800000, 0x0000000100000000)
  region size 1024K, 1 young (1024K), 1 survivors (1024K)
 Metaspace       used 49389K, committed 49728K, reserved 1114112K
  class space    used 5692K, committed 5824K, reserved 1048576K
}
Event: 6.551 GC heap before
{Heap before GC invocations=17 (full 0):
 garbage-first heap   total 80896K, used 63394K [0x0000000084800000, 0x0000000100000000)
  region size 1024K, 19 young (19456K), 1 survivors (1024K)
 Metaspace       used 52386K, committed 52672K, reserved 1114112K
  class space    used 5910K, committed 6080K, reserved 1048576K
}
Event: 6.555 GC heap after
{Heap after GC invocations=18 (full 0):
 garbage-first heap   total 80896K, used 46205K [0x0000000084800000, 0x0000000100000000)
  region size 1024K, 2 young (2048K), 2 survivors (2048K)
 Metaspace       used 52386K, committed 52672K, reserved 1114112K
  class space    used 5910K, committed 6080K, reserved 1048576K
}
Event: 7.005 GC heap before
{Heap before GC invocations=19 (full 0):
 garbage-first heap   total 80896K, used 63613K [0x0000000084800000, 0x0000000100000000)
  region size 1024K, 19 young (19456K), 2 survivors (2048K)
 Metaspace       used 56389K, committed 56768K, reserved 1114112K
  class space    used 6278K, committed 6464K, reserved 1048576K
}
Event: 7.012 GC heap after
{Heap after GC invocations=20 (full 0):
 garbage-first heap   total 80896K, used 47574K [0x0000000084800000, 0x0000000100000000)
  region size 1024K, 3 young (3072K), 3 survivors (3072K)
 Metaspace       used 56389K, committed 56768K, reserved 1114112K
  class space    used 6278K, committed 6464K, reserved 1048576K
}
Event: 7.040 GC heap before
{Heap before GC invocations=20 (full 0):
 garbage-first heap   total 80896K, used 48598K [0x0000000084800000, 0x0000000100000000)
  region size 1024K, 4 young (4096K), 3 survivors (3072K)
 Metaspace       used 56557K, committed 56896K, reserved 1114112K
  class space    used 6291K, committed 6464K, reserved 1048576K
}

