# JRE version: OpenJDK Runtime Environment Temurin-17.0.15+6 (17.0.15+6) (build 17.0.15+6)
# Java VM: OpenJDK 64-Bit Server VM Temurin-17.0.15+6 (17.0.15+6, mixed mode, sharing, tiered, compressed oops, compressed class ptrs, g1 gc, windows-amd64)
GC Precious Log:
 CPUs: 16 total, 16 available
 Memory: 7896M
 Large Page Support: Disabled
 NUMA Support: Disabled
 Compressed Oops: Enabled (32-bit)
 Heap Region Size: 1M
 Heap Min Capacity: 8M
 Heap Initial Capacity: 124M
 Heap Max Capacity: 1976M
 Pre-touch: Disabled
 Parallel Workers: 13
 Concurrent Workers: 3
 Concurrent Refinement Workers: 13
 Periodic GC: Disabled
Heap:
 garbage-first heap   total 148480K, used 98090K [0x0000000084800000, 0x0000000100000000)
  region size 1024K, 13 young (13312K), 2 survivors (2048K)
 Metaspace       used 57418K, committed 57856K, reserved 1114112K
  class space    used 6380K, committed 6592K, reserved 1048576K
GC Heap History (20 events):
Event: 8.755 GC heap before
{Heap before GC invocations=11 (full 0):
 garbage-first heap   total 115712K, used 90023K [0x0000000084800000, 0x0000000100000000)
  region size 1024K, 39 young (39936K), 6 survivors (6144K)
 Metaspace       used 51556K, committed 51968K, reserved 1114112K
  class space    used 6026K, committed 6208K, reserved 1048576K
}
Event: 8.780 GC heap after
{Heap after GC invocations=12 (full 0):
 garbage-first heap   total 115712K, used 61436K [0x0000000084800000, 0x0000000100000000)
  region size 1024K, 5 young (5120K), 5 survivors (5120K)
 Metaspace       used 51556K, committed 51968K, reserved 1114112K
  class space    used 6026K, committed 6208K, reserved 1048576K
}
Event: 9.919 GC heap before
{Heap before GC invocations=12 (full 0):
 garbage-first heap   total 115712K, used 91132K [0x0000000084800000, 0x0000000100000000)
  region size 1024K, 34 young (34816K), 5 survivors (5120K)
 Metaspace       used 53050K, committed 53376K, reserved 1114112K
  class space    used 6112K, committed 6272K, reserved 1048576K
}
Event: 9.945 GC heap after
{Heap after GC invocations=13 (full 0):
 garbage-first heap   total 139264K, used 64940K [0x0000000084800000, 0x0000000100000000)
  region size 1024K, 4 young (4096K), 4 survivors (4096K)
 Metaspace       used 53050K, committed 53376K, reserved 1114112K
  class space    used 6112K, committed 6272K, reserved 1048576K
}
Event: 11.722 GC heap before
{Heap before GC invocations=14 (full 0):
 garbage-first heap   total 139264K, used 108972K [0x0000000084800000, 0x0000000100000000)
  region size 1024K, 46 young (47104K), 4 survivors (4096K)
 Metaspace       used 54132K, committed 54528K, reserved 1114112K
  class space    used 6152K, committed 6336K, reserved 1048576K
}
Event: 11.735 GC heap after
{Heap after GC invocations=15 (full 0):
 garbage-first heap   total 139264K, used 70923K [0x0000000084800000, 0x0000000100000000)
  region size 1024K, 6 young (6144K), 6 survivors (6144K)
 Metaspace       used 54132K, committed 54528K, reserved 1114112K
  class space    used 6152K, committed 6336K, reserved 1048576K
}
Event: 13.558 GC heap before
{Heap before GC invocations=15 (full 0):
 garbage-first heap   total 139264K, used 109835K [0x0000000084800000, 0x0000000100000000)
  region size 1024K, 44 young (45056K), 6 survivors (6144K)
 Metaspace       used 54728K, committed 55040K, reserved 1114112K
  class space    used 6170K, committed 6336K, reserved 1048576K
}
Event: 13.575 GC heap after
{Heap after GC invocations=16 (full 0):
 garbage-first heap   total 139264K, used 75776K [0x0000000084800000, 0x0000000100000000)
  region size 1024K, 5 young (5120K), 5 survivors (5120K)
 Metaspace       used 54728K, committed 55040K, reserved 1114112K
  class space    used 6170K, committed 6336K, reserved 1048576K
}
Event: 15.717 GC heap before
{Heap before GC invocations=17 (full 0):
 garbage-first heap   total 139264K, used 112640K [0x0000000084800000, 0x0000000100000000)
  region size 1024K, 39 young (39936K), 5 survivors (5120K)
 Metaspace       used 55001K, committed 55424K, reserved 1114112K
  class space    used 6179K, committed 6400K, reserved 1048576K
}
Event: 15.734 GC heap after
{Heap after GC invocations=18 (full 0):
 garbage-first heap   total 139264K, used 82062K [0x0000000084800000, 0x0000000100000000)
  region size 1024K, 4 young (4096K), 4 survivors (4096K)
 Metaspace       used 55001K, committed 55424K, reserved 1114112K
  class space    used 6179K, committed 6400K, reserved 1048576K
}
Event: 15.794 GC heap before
{Heap before GC invocations=18 (full 0):
 garbage-first heap   total 139264K, used 84110K [0x0000000084800000, 0x0000000100000000)
  region size 1024K, 6 young (6144K), 4 survivors (4096K)
 Metaspace       used 55040K, committed 55488K, reserved 1114112K
  class space    used 6180K, committed 6400K, reserved 1048576K
}
Event: 15.802 GC heap after
{Heap after GC invocations=19 (full 0):
 garbage-first heap   total 139264K, used 81784K [0x0000000084800000, 0x0000000100000000)
  region size 1024K, 1 young (1024K), 1 survivors (1024K)
 Metaspace       used 55040K, committed 55488K, reserved 1114112K
  class space    used 6180K, committed 6400K, reserved 1048576K
}
Event: 17.220 GC heap before
{Heap before GC invocations=19 (full 0):
 garbage-first heap   total 139264K, used 112504K [0x0000000084800000, 0x0000000100000000)
  region size 1024K, 31 young (31744K), 1 survivors (1024K)
 Metaspace       used 55462K, committed 55872K, reserved 1114112K
  class space    used 6222K, committed 6400K, reserved 1048576K
}
Event: 17.229 GC heap after
{Heap after GC invocations=20 (full 0):
 garbage-first heap   total 139264K, used 84304K [0x0000000084800000, 0x0000000100000000)
  region size 1024K, 4 young (4096K), 4 survivors (4096K)
 Metaspace       used 55462K, committed 55872K, reserved 1114112K
  class space    used 6222K, committed 6400K, reserved 1048576K
}
Event: 18.491 GC heap before
{Heap before GC invocations=21 (full 0):
 garbage-first heap   total 145408K, used 112976K [0x0000000084800000, 0x0000000100000000)
  region size 1024K, 32 young (32768K), 4 survivors (4096K)
 Metaspace       used 55826K, committed 56256K, reserved 1114112K
  class space    used 6249K, committed 6464K, reserved 1048576K
}
Event: 18.502 GC heap after
{Heap after GC invocations=22 (full 0):
 garbage-first heap   total 145408K, used 86440K [0x0000000084800000, 0x0000000100000000)
  region size 1024K, 3 young (3072K), 3 survivors (3072K)
 Metaspace       used 55826K, committed 56256K, reserved 1114112K
  class space    used 6249K, committed 6464K, reserved 1048576K
}
Event: 18.744 GC heap before
{Heap before GC invocations=22 (full 0):
 garbage-first heap   total 145408K, used 90536K [0x0000000084800000, 0x0000000100000000)
  region size 1024K, 7 young (7168K), 3 survivors (3072K)
 Metaspace       used 55845K, committed 56256K, reserved 1114112K
  class space    used 6249K, committed 6464K, reserved 1048576K
}
Event: 18.750 GC heap after
{Heap after GC invocations=23 (full 0):
 garbage-first heap   total 145408K, used 86445K [0x0000000084800000, 0x0000000100000000)
  region size 1024K, 1 young (1024K), 1 survivors (1024K)
 Metaspace       used 55845K, committed 56256K, reserved 1114112K
  class space    used 6249K, committed 6464K, reserved 1048576K
}
Event: 20.218 GC heap before
{Heap before GC invocations=23 (full 0):
 garbage-first heap   total 145408K, used 119213K [0x0000000084800000, 0x0000000100000000)
  region size 1024K, 33 young (33792K), 1 survivors (1024K)
 Metaspace       used 57107K, committed 57536K, reserved 1114112K
  class space    used 6356K, committed 6592K, reserved 1048576K
}
Event: 20.224 GC heap after
{Heap after GC invocations=24 (full 0):
 garbage-first heap   total 145408K, used 87850K [0x0000000084800000, 0x0000000100000000)
  region size 1024K, 2 young (2048K), 2 survivors (2048K)
 Metaspace       used 57107K, committed 57536K, reserved 1114112K
  class space    used 6356K, committed 6592K, reserved 1048576K
}

